<?xml version="1.0" encoding="UTF-8"?>
<testng-results ignored="0" total="1" passed="1" failed="0" skipped="0">
  <reporter-output>
  </reporter-output>
  <suite started-at="2022-07-21T12:35:46 PDT" name="Default suite" finished-at="2022-07-21T12:35:47 PDT" duration-ms="1535">
    <groups>
    </groups>
    <test started-at="2022-07-21T12:35:46 PDT" name="Default test" finished-at="2022-07-21T12:35:47 PDT" duration-ms="1535">
      <class name="com.qa.tests.PostApiTest">
        <test-method is-config="true" signature="setUp()[pri:0, instance:com.qa.tests.PostApiTest@7c83dc97]" started-at="2022-07-21T12:35:46 PDT" name="setUp" finished-at="2022-07-21T12:35:46 PDT" duration-ms="6" status="PASS">
          <reporter-output>
          </reporter-output>
        </test-method> <!-- setUp -->
        <test-method signature="postAPITest()[pri:0, instance:com.qa.tests.PostApiTest@7c83dc97]" started-at="2022-07-21T12:35:46 PDT" name="postAPITest" finished-at="2022-07-21T12:35:47 PDT" duration-ms="1486" status="PASS">
          <reporter-output>
          </reporter-output>
        </test-method> <!-- postAPITest -->
      </class> <!-- com.qa.tests.PostApiTest -->
    </test> <!-- Default test -->
  </suite> <!-- Default suite -->
</testng-results>
